2019-12-27 16:24:15.8574 |TRACE| 準備新增_s3://tci-qr-web-video-jp/Demo/MP4/Business_Generator.xlsm
2019-12-27 16:24:18.2240 |TRACE| 新增成功_s3://tci-qr-web-video-jp/Demo/MP4/Business_Generator.xlsm
2019-12-27 16:26:18.1901 |TRACE| 準備新增_s3://tci-qr-web-video-jp/Demo/PDF/Business_Generator.xlsm
2019-12-27 16:26:30.2508 |TRACE| 新增成功_s3://tci-qr-web-video-jp/Demo/PDF/Business_Generator.xlsm
2019-12-27 16:26:53.0181 |TRACE| 準備刪除_s3://tci-qr-web-video-jp/Demo/MP4/Business_Generator.xlsm
2019-12-27 16:26:55.7700 |TRACE| 刪除成功_s3://tci-qr-web-video-jp/Demo/MP4/Business_Generator.xlsm
2019-12-27 16:26:57.4261 |TRACE| 準備刪除_s3://tci-qr-web-video-jp/Demo/PDF/Business_Generator.xlsm
2019-12-27 16:27:00.0042 |TRACE| 刪除成功_s3://tci-qr-web-video-jp/Demo/PDF/Business_Generator.xlsm
2019-12-27 16:27:00.0092 |TRACE| 準備新增_s3://tci-qr-web-video-jp/Demo/MP4/Business_Generator.xlsm
2019-12-27 16:27:05.4013 |TRACE| 新增成功_s3://tci-qr-web-video-jp/Demo/MP4/Business_Generator.xlsm
2019-12-27 16:28:26.8260 |TRACE| 準備刪除_s3://tci-qr-web-video-jp/Demo/Business_Generator.xlsm
2019-12-27 16:28:29.7391 |TRACE| 刪除成功_s3://tci-qr-web-video-jp/Demo/Business_Generator.xlsm
2019-12-27 16:28:34.7467 |TRACE| 準備刪除_s3://tci-qr-web-video-jp/Demo/MP4/Business_Generator.xlsm
2019-12-27 16:28:38.0474 |TRACE| 刪除成功_s3://tci-qr-web-video-jp/Demo/MP4/Business_Generator.xlsm
2019-12-27 16:28:38.0474 |TRACE| 準備新增_s3://tci-qr-web-video-jp/Demo/Business_Generator.xlsm
2019-12-27 16:28:43.0451 |TRACE| 新增成功_s3://tci-qr-web-video-jp/Demo/Business_Generator.xlsm
2019-12-27 16:44:17.5524 |TRACE| 準備刪除_s3://tci-qr-web-video-jp/Demo/Business_Generator.xlsm
2019-12-27 16:44:20.6828 |TRACE| output>>
2019-12-27 16:45:35.4893 |TRACE| 準備刪除_s3://tci-qr-web-video-jp/Demo/PDF/Business_Generator.xlsm
2019-12-27 16:45:38.4190 |TRACE| output>>
2019-12-27 16:45:38.4190 |TRACE| 刪除成功_s3://tci-qr-web-video-jp/Demo/PDF/Business_Generator.xlsm
2019-12-27 16:45:38.4918 |TRACE| 準備新增_s3://tci-qr-web-video-jp/Demo/Business_Generator.xlsm
2019-12-27 16:45:42.5848 |TRACE| output>>upload: D:\test11\Business_Generator.xlsm to s3://tci-qr-web-video-jp/Demo/Business_Generator.xlsm
2019-12-27 16:45:42.6334 |TRACE| output>>
2019-12-27 16:45:42.6354 |TRACE| 新增成功_s3://tci-qr-web-video-jp/Demo/Business_Generator.xlsm
2019-12-27 16:46:04.4448 |TRACE| 準備新增_s3://tci-qr-web-video-jp/Demo/PDF/Business_Generator.xlsm
2019-12-27 16:46:09.9733 |TRACE| output>>upload: D:\test11\PDF\Business_Generator.xlsm to s3://tci-qr-web-video-jp/Demo/PDF/Business_Generator.xlsm
2019-12-27 16:46:10.0293 |TRACE| output>>
2019-12-27 16:46:10.0293 |TRACE| 新增成功_s3://tci-qr-web-video-jp/Demo/PDF/Business_Generator.xlsm
